c:\users\administrator\desktop\paperplane\proj.win32\debug.win32\aboutlayer.obj
c:\users\administrator\desktop\paperplane\proj.win32\debug.win32\appdelegate.obj
c:\users\administrator\desktop\paperplane\proj.win32\debug.win32\gameoverlayer.obj
c:\users\administrator\desktop\paperplane\proj.win32\debug.win32\gamescene.obj
c:\users\administrator\desktop\paperplane\proj.win32\debug.win32\menuscene.obj
c:\users\administrator\desktop\paperplane\proj.win32\debug.win32\main.obj
c:\users\administrator\desktop\paperplane\proj.win32\debug.win32\paperplane.ilk
c:\users\administrator\desktop\paperplane\proj.win32\debug.win32\paperplane.exe
c:\users\administrator\desktop\paperplane\proj.win32\debug.win32\paperplane.pdb
c:\users\administrator\desktop\paperplane\proj.win32\debug.win32\game.res
c:\users\administrator\desktop\paperplane\proj.win32\debug.win32\paperplane.vcxprojresolveassemblyreference.cache
c:\users\administrator\desktop\paperplane\proj.win32\debug.win32\vc120.idb
c:\users\administrator\desktop\paperplane\proj.win32\debug.win32\vc120.pdb
c:\users\administrator\desktop\paperplane\proj.win32\debug.win32\userdefault.xml
c:\users\administrator\desktop\paperplane\proj.win32\debug.win32\paperplane.tlog\cl.command.1.tlog
c:\users\administrator\desktop\paperplane\proj.win32\debug.win32\paperplane.tlog\cl.read.1.tlog
c:\users\administrator\desktop\paperplane\proj.win32\debug.win32\paperplane.tlog\cl.write.1.tlog
c:\users\administrator\desktop\paperplane\proj.win32\debug.win32\paperplane.tlog\link.command.1.tlog
c:\users\administrator\desktop\paperplane\proj.win32\debug.win32\paperplane.tlog\link.read.1.tlog
c:\users\administrator\desktop\paperplane\proj.win32\debug.win32\paperplane.tlog\link.write.1.tlog
c:\users\administrator\desktop\paperplane\proj.win32\debug.win32\paperplane.tlog\rc.command.1.tlog
c:\users\administrator\desktop\paperplane\proj.win32\debug.win32\paperplane.tlog\rc.read.1.tlog
c:\users\administrator\desktop\paperplane\proj.win32\debug.win32\paperplane.tlog\rc.write.1.tlog
